This is pdfTeX, Version 3.14159265-2.6-1.40.21 (MiKTeX 2.9.7380 64-bit) (preloaded format=pdflatex 2020.4.7)  9 APR 2020 22:46
entering extended mode
**./document.tex
(document.tex
LaTeX2e <2020-02-02> patch level 5

(C:\Users\–ü–µ–Ω–æ–ø–ª–∞—Å—Ç–æ—á–∫–∞\AppData\Roaming\MiKTeX\2.9\tex/latex/koma-
script\scrartcl.cls
Document Class: scrartcl 2019/02/01 v3.26b KOMA-Script document class (article)


(C:\Users\–ü–µ–Ω–æ–ø–ª–∞—Å—Ç–æ—á–∫–∞\AppData\Roaming\MiKTeX\2.9\tex/latex/koma-
script\scrkbase.sty
Package: scrkbase 2019/02/01 v3.26b KOMA-Script package (KOMA-Script-dependent 
basics and keyval usage)

(C:\Users\–ü–µ–Ω–æ–ø–ª–∞—Å—Ç–æ—á–∫–∞\AppData\Roaming\MiKTeX\2.9\tex/latex/koma-
script\scrbase.sty
Package: scrbase 2019/02/01 v3.26b KOMA-Script package (KOMA-Script-independent
 basics and keyval usage)
("C:\Program Files\MiKTeX 2.9\tex/latex/graphics\keyval.sty"
Package: keyval 2014/10/28 v1.15 key=value parser (DPC)
\KV@toks@=\toks15
)
(C:\Users\–ü–µ–Ω–æ–ø–ª–∞—Å—Ç–æ—á–∫–∞\AppData\Roaming\MiKTeX\2.9\tex/latex/koma-
script\scrlfile.sty
Package: scrlfile 2019/02/01 v3.26b KOMA-Script package (loading files)

LaTeX Warning: Command \InputIfFileExists  has changed.
               Check if current package is valid.

)))
(C:\Users\–ü–µ–Ω–æ–ø–ª–∞—Å—Ç–æ—á–∫–∞\AppData\Roaming\MiKTeX\2.9\tex/latex/koma-
script\tocbasic.sty
Package: tocbasic 2019/02/01 v3.26b KOMA-Script package (handling toc-files)
\scr@dte@tocline@numberwidth=\skip41
\scr@dte@tocline@numbox=\box27
)
Package tocbasic Info: omitting babel extension for `toc'
(tocbasic)             because of feature `nobabel' available
(tocbasic)             for `toc' on input line 134.

Package scrartcl Warning: You've used obsolete option `14pt'.
(scrartcl)                Usage of this option indicates an old document
(scrartcl)                and changes compatibility level using
(scrartcl)                `fontsize=14pt,version=first,
(scrartcl)                enabledeprecatedfontcommands' that may result
(scrartcl)                in further warnings.
(scrartcl)                If you don't want this, you should simply
(scrartcl)                replace option `14pt' by `fontsize=14pt'.

Class scrartcl Info: Switching compatibility level to `first'.

Class scrartcl Warning: deprecated option `enabledeprecatedfontcommands'.
(scrartcl)              Note, that this option was already depreacted when
(scrartcl)              it has been defined. Support for old font commands
(scrartcl)              has been removed from KOMA-Script more than one
(scrartcl)              decade ago. It is not recommended to use them any
(scrartcl)              longer. Therefore usage of this class option also
(scrartcl)              is not recommended.

Class scrartcl Info: File `size14.clo' used to setup font sizes on input line 2
162.

(C:\Users\–ü–µ–Ω–æ–ø–ª–∞—Å—Ç–æ—á–∫–∞\AppData\Roaming\MiKTeX\2.9\tex/latex/extsi
zes\size14.clo
File: size14.clo 1999/11/11 v1.4a NON-Standard LaTeX file (size option)
)
(C:\Users\–ü–µ–Ω–æ–ø–ª–∞—Å—Ç–æ—á–∫–∞\AppData\Roaming\MiKTeX\2.9\tex/latex/koma-
script\typearea.sty
Package: typearea 2019/02/01 v3.26b KOMA-Script package (type area)
\ta@bcor=\skip42
\ta@div=\count80
Package typearea Info: You've used standard option `a4paper'.
(typearea)             This is correct!
(typearea)             Internally I'm using `paper=a4'.
(typearea)             If you'd like to set the option with \KOMAoptions,
(typearea)             you'd have to use `paper=a4' there
(typearea)             instead of `a4paper', too.
\ta@hblk=\skip43
\ta@vblk=\skip44
\ta@temp=\skip45
\footheight=\skip46

Package typearea Warning: DIV for 14.0pt and used papersize
(typearea)                not defined!
(typearea)                Using DIV=calc.

DIV calculation for typearea with good linewidth.
Package typearea Info: These are the values describing the layout:
(typearea)             DIV  = 17
(typearea)             BCOR = 0.0pt
(typearea)             \paperwidth      = 597.50793pt
(typearea)              \textwidth      = 492.06537pt
(typearea)              DIV departure   = 0%
(typearea)              \evensidemargin = -19.5487pt
(typearea)              \oddsidemargin  = -19.5487pt
(typearea)             \paperheight     = 845.04694pt
(typearea)              \textheight     = 711.0pt
(typearea)              \topmargin      = -69.31136pt
(typearea)              \headheight     = 21.25pt
(typearea)              \headsep        = 25.5pt
(typearea)              \topskip        = 14.0pt
(typearea)              \footskip       = 59.5pt
(typearea)              \baselineskip   = 17.0pt
(typearea)              on input line 1715.
)
\c@part=\count81
\c@section=\count82
\c@subsection=\count83
\c@subsubsection=\count84
\c@paragraph=\count85
\c@subparagraph=\count86
\scr@dte@section@maxnumwidth=\skip47
Class scrartcl Info: using compatibility default `runin=bysign'
(scrartcl)           for `\section on input line 4489.
Class scrartcl Info: using compatibility default `afterindent=bysign'
(scrartcl)           for `\section on input line 4489.
\scr@dte@part@maxnumwidth=\skip48
Class scrartcl Info: using compatibility default `afterindent=false'
(scrartcl)           for `\part on input line 4497.
\scr@dte@subsection@maxnumwidth=\skip49
Class scrartcl Info: using compatibility default `runin=bysign'
(scrartcl)           for `\subsection on input line 4507.
Class scrartcl Info: using compatibility default `afterindent=bysign'
(scrartcl)           for `\subsection on input line 4507.
\scr@dte@subsubsection@maxnumwidth=\skip50
Class scrartcl Info: using compatibility default `runin=bysign'
(scrartcl)           for `\subsubsection on input line 4517.
Class scrartcl Info: using compatibility default `afterindent=bysign'
(scrartcl)           for `\subsubsection on input line 4517.
\scr@dte@paragraph@maxnumwidth=\skip51
Class scrartcl Info: using compatibility default `runin=bysign'
(scrartcl)           for `\paragraph on input line 4527.
Class scrartcl Info: using compatibility default `afterindent=bysign'
(scrartcl)           for `\paragraph on input line 4527.
\scr@dte@subparagraph@maxnumwidth=\skip52
Class scrartcl Info: using compatibility default `runin=bysign'
(scrartcl)           for `\subparagraph on input line 4537.
Class scrartcl Info: using compatibility default `afterindent=bysign'
(scrartcl)           for `\subparagraph on input line 4537.
\abovecaptionskip=\skip53
\belowcaptionskip=\skip54
\c@pti@nb@sid@b@x=\box28
Package tocbasic Info: omitting babel extension for `lof'
(tocbasic)             because of feature `nobabel' available
(tocbasic)             for `lof' on input line 5781.
\scr@dte@figure@maxnumwidth=\skip55
\c@figure=\count87
Package tocbasic Info: omitting babel extension for `lot'
(tocbasic)             because of feature `nobabel' available
(tocbasic)             for `lot' on input line 5793.
\scr@dte@table@maxnumwidth=\skip56
\c@table=\count88
Class scrartcl Info: Using old \@makefntext due to compatibility level
(scrartcl)           less than 3.22 on input line 5944.
Class scrartcl Info: Redefining `\numberline' on input line 5957.
\bibindent=\dimen102
)
(C:\Users\–ü–µ–Ω–æ–ø–ª–∞—Å—Ç–æ—á–∫–∞\AppData\Roaming\MiKTeX\2.9\tex/latex/cmap\
cmap.sty
Package: cmap 2008/03/06 v1.0h CMap support: searchable PDF
) ("C:\Program Files\MiKTeX 2.9\tex/latex/base\inputenc.sty"
Package: inputenc 2018/08/11 v1.3c Input encoding file
\inpenc@prehook=\toks16
\inpenc@posthook=\toks17
) ("C:\Program Files\MiKTeX 2.9\tex/latex/base\fontenc.sty"
Package: fontenc 2020/02/11 v2.0o Standard LaTeX package
("C:\Program Files\MiKTeX 2.9\tex/latex/cyrillic\t2aenc.def"
File: t2aenc.def 2005/09/27 v1.0i Cyrillic encoding definition file
Now handling font encoding T2A ...
... processing UTF-8 mapping file for font encoding T2A
("C:\Program Files\MiKTeX 2.9\tex/latex/base\t2aenc.dfu"
File: t2aenc.dfu 2019/11/14 v1.2k UTF-8 support for inputenc
   defining Unicode char U+00A4 (decimal 164)
   defining Unicode char U+00A7 (decimal 167)
   defining Unicode char U+00AB (decimal 171)
   defining Unicode char U+00BB (decimal 187)
   defining Unicode char U+0131 (decimal 305)
   defining Unicode char U+0237 (decimal 567)
   defining Unicode char U+0400 (decimal 1024)
   defining Unicode char U+0401 (decimal 1025)
   defining Unicode char U+0402 (decimal 1026)
   defining Unicode char U+0403 (decimal 1027)
   defining Unicode char U+0404 (decimal 1028)
   defining Unicode char U+0405 (decimal 1029)
   defining Unicode char U+0406 (decimal 1030)
   defining Unicode char U+0407 (decimal 1031)
   defining Unicode char U+0408 (decimal 1032)
   defining Unicode char U+0409 (decimal 1033)
   defining Unicode char U+040A (decimal 1034)
   defining Unicode char U+040B (decimal 1035)
   defining Unicode char U+040C (decimal 1036)
   defining Unicode char U+040D (decimal 1037)
   defining Unicode char U+040E (decimal 1038)
   defining Unicode char U+040F (decimal 1039)
   defining Unicode char U+0410 (decimal 1040)
   defining Unicode char U+0411 (decimal 1041)
   defining Unicode char U+0412 (decimal 1042)
   defining Unicode char U+0413 (decimal 1043)
   defining Unicode char U+0414 (decimal 1044)
   defining Unicode char U+0415 (decimal 1045)
   defining Unicode char U+0416 (decimal 1046)
   defining Unicode char U+0417 (decimal 1047)
   defining Unicode char U+0418 (decimal 1048)
   defining Unicode char U+0419 (decimal 1049)
   defining Unicode char U+041A (decimal 1050)
   defining Unicode char U+041B (decimal 1051)
   defining Unicode char U+041C (decimal 1052)
   defining Unicode char U+041D (decimal 1053)
   defining Unicode char U+041E (decimal 1054)
   defining Unicode char U+041F (decimal 1055)
   defining Unicode char U+0420 (decimal 1056)
   defining Unicode char U+0421 (decimal 1057)
   defining Unicode char U+0422 (decimal 1058)
   defining Unicode char U+0423 (decimal 1059)
   defining Unicode char U+0424 (decimal 1060)
   defining Unicode char U+0425 (decimal 1061)
   defining Unicode char U+0426 (decimal 1062)
   defining Unicode char U+0427 (decimal 1063)
   defining Unicode char U+0428 (decimal 1064)
   defining Unicode char U+0429 (decimal 1065)
   defining Unicode char U+042A (decimal 1066)
   defining Unicode char U+042B (decimal 1067)
   defining Unicode char U+042C (decimal 1068)
   defining Unicode char U+042D (decimal 1069)
   defining Unicode char U+042E (decimal 1070)
   defining Unicode char U+042F (decimal 1071)
   defining Unicode char U+0430 (decimal 1072)
   defining Unicode char U+0431 (decimal 1073)
   defining Unicode char U+0432 (decimal 1074)
   defining Unicode char U+0433 (decimal 1075)
   defining Unicode char U+0434 (decimal 1076)
   defining Unicode char U+0435 (decimal 1077)
   defining Unicode char U+0436 (decimal 1078)
   defining Unicode char U+0437 (decimal 1079)
   defining Unicode char U+0438 (decimal 1080)
   defining Unicode char U+0439 (decimal 1081)
   defining Unicode char U+043A (decimal 1082)
   defining Unicode char U+043B (decimal 1083)
   defining Unicode char U+043C (decimal 1084)
   defining Unicode char U+043D (decimal 1085)
   defining Unicode char U+043E (decimal 1086)
   defining Unicode char U+043F (decimal 1087)
   defining Unicode char U+0440 (decimal 1088)
   defining Unicode char U+0441 (decimal 1089)
   defining Unicode char U+0442 (decimal 1090)
   defining Unicode char U+0443 (decimal 1091)
   defining Unicode char U+0444 (decimal 1092)
   defining Unicode char U+0445 (decimal 1093)
   defining Unicode char U+0446 (decimal 1094)
   defining Unicode char U+0447 (decimal 1095)
   defining Unicode char U+0448 (decimal 1096)
   defining Unicode char U+0449 (decimal 1097)
   defining Unicode char U+044A (decimal 1098)
   defining Unicode char U+044B (decimal 1099)
   defining Unicode char U+044C (decimal 1100)
   defining Unicode char U+044D (decimal 1101)
   defining Unicode char U+044E (decimal 1102)
   defining Unicode char U+044F (decimal 1103)
   defining Unicode char U+0450 (decimal 1104)
   defining Unicode char U+0451 (decimal 1105)
   defining Unicode char U+0452 (decimal 1106)
   defining Unicode char U+0453 (decimal 1107)
   defining Unicode char U+0454 (decimal 1108)
   defining Unicode char U+0455 (decimal 1109)
   defining Unicode char U+0456 (decimal 1110)
   defining Unicode char U+0457 (decimal 1111)
   defining Unicode char U+0458 (decimal 1112)
   defining Unicode char U+0459 (decimal 1113)
   defining Unicode char U+045A (decimal 1114)
   defining Unicode char U+045B (decimal 1115)
   defining Unicode char U+045C (decimal 1116)
   defining Unicode char U+045D (decimal 1117)
   defining Unicode char U+045E (decimal 1118)
   defining Unicode char U+045F (decimal 1119)
   defining Unicode char U+0490 (decimal 1168)
   defining Unicode char U+0491 (decimal 1169)
   defining Unicode char U+0492 (decimal 1170)
   defining Unicode char U+0493 (decimal 1171)
   defining Unicode char U+0496 (decimal 1174)
   defining Unicode char U+0497 (decimal 1175)
   defining Unicode char U+0498 (decimal 1176)
   defining Unicode char U+0499 (decimal 1177)
   defining Unicode char U+049A (decimal 1178)
   defining Unicode char U+049B (decimal 1179)
   defining Unicode char U+049C (decimal 1180)
   defining Unicode char U+049D (decimal 1181)
   defining Unicode char U+04A0 (decimal 1184)
   defining Unicode char U+04A1 (decimal 1185)
   defining Unicode char U+04A2 (decimal 1186)
   defining Unicode char U+04A3 (decimal 1187)
   defining Unicode char U+04A4 (decimal 1188)
   defining Unicode char U+04A5 (decimal 1189)
   defining Unicode char U+04AA (decimal 1194)
   defining Unicode char U+04AB (decimal 1195)
   defining Unicode char U+04AE (decimal 1198)
   defining Unicode char U+04AF (decimal 1199)
   defining Unicode char U+04B0 (decimal 1200)
   defining Unicode char U+04B1 (decimal 1201)
   defining Unicode char U+04B2 (decimal 1202)
   defining Unicode char U+04B3 (decimal 1203)
   defining Unicode char U+04B6 (decimal 1206)
   defining Unicode char U+04B7 (decimal 1207)
   defining Unicode char U+04B8 (decimal 1208)
   defining Unicode char U+04B9 (decimal 1209)
   defining Unicode char U+04BA (decimal 1210)
   defining Unicode char U+04BB (decimal 1211)
   defining Unicode char U+04C0 (decimal 1216)
   defining Unicode char U+04C1 (decimal 1217)
   defining Unicode char U+04C2 (decimal 1218)
   defining Unicode char U+04D0 (decimal 1232)
   defining Unicode char U+04D1 (decimal 1233)
   defining Unicode char U+04D2 (decimal 1234)
   defining Unicode char U+04D3 (decimal 1235)
   defining Unicode char U+04D4 (decimal 1236)
   defining Unicode char U+04D5 (decimal 1237)
   defining Unicode char U+04D6 (decimal 1238)
   defining Unicode char U+04D7 (decimal 1239)
   defining Unicode char U+04D8 (decimal 1240)
   defining Unicode char U+04D9 (decimal 1241)
   defining Unicode char U+04DA (decimal 1242)
   defining Unicode char U+04DB (decimal 1243)
   defining Unicode char U+04DC (decimal 1244)
   defining Unicode char U+04DD (decimal 1245)
   defining Unicode char U+04DE (decimal 1246)
   defining Unicode char U+04DF (decimal 1247)
   defining Unicode char U+04E2 (decimal 1250)
   defining Unicode char U+04E3 (decimal 1251)
   defining Unicode char U+04E4 (decimal 1252)
   defining Unicode char U+04E5 (decimal 1253)
   defining Unicode char U+04E6 (decimal 1254)
   defining Unicode char U+04E7 (decimal 1255)
   defining Unicode char U+04E8 (decimal 1256)
   defining Unicode char U+04E9 (decimal 1257)
   defining Unicode char U+04EC (decimal 1260)
   defining Unicode char U+04ED (decimal 1261)
   defining Unicode char U+04EE (decimal 1262)
   defining Unicode char U+04EF (decimal 1263)
   defining Unicode char U+04F0 (decimal 1264)
   defining Unicode char U+04F1 (decimal 1265)
   defining Unicode char U+04F2 (decimal 1266)
   defining Unicode char U+04F3 (decimal 1267)
   defining Unicode char U+04F4 (decimal 1268)
   defining Unicode char U+04F5 (decimal 1269)
   defining Unicode char U+04F8 (decimal 1272)
   defining Unicode char U+04F9 (decimal 1273)
   defining Unicode char U+200C (decimal 8204)
   defining Unicode char U+2013 (decimal 8211)
   defining Unicode char U+2014 (decimal 8212)
   defining Unicode char U+2018 (decimal 8216)
   defining Unicode char U+2019 (decimal 8217)
   defining Unicode char U+201C (decimal 8220)
   defining Unicode char U+201D (decimal 8221)
   defining Unicode char U+201E (decimal 8222)
   defining Unicode char U+2030 (decimal 8240)
   defining Unicode char U+2031 (decimal 8241)
   defining Unicode char U+2116 (decimal 8470)
   defining Unicode char U+2329 (decimal 9001)
   defining Unicode char U+232A (decimal 9002)
   defining Unicode char U+2423 (decimal 9251)
   defining Unicode char U+27E8 (decimal 10216)
   defining Unicode char U+27E9 (decimal 10217)
   defining Unicode char U+FB00 (decimal 64256)
   defining Unicode char U+FB01 (decimal 64257)
   defining Unicode char U+FB02 (decimal 64258)
   defining Unicode char U+FB03 (decimal 64259)
   defining Unicode char U+FB04 (decimal 64260)
   defining Unicode char U+FB05 (decimal 64261)
   defining Unicode char U+FB06 (decimal 64262)
))
LaTeX Font Info:    Trying to load font information for T2A+cmr on input line 1
12.
("C:\Program Files\MiKTeX 2.9\tex/latex/cyrillic\t2acmr.fd"
File: t2acmr.fd 2001/08/11 v1.0a Computer Modern Cyrillic font definitions
)<<t2a.cmap>>) ("C:\Program Files\MiKTeX 2.9\tex/generic/babel\babel.sty"
Package: babel 2020/03/22 3.42 The Babel package
("C:\Program Files\MiKTeX 2.9\tex/generic/babel\switch.def"
File: switch.def 2020/03/22 3.42 Babel switching mechanism
)
*************************************
* Local config file bblopts.cfg used
*

(C:\Users\–ü–µ–Ω–æ–ø–ª–∞—Å—Ç–æ—á–∫–∞\AppData\Roaming\MiKTeX\2.9\tex/latex/arabi
\bblopts.cfg
File: bblopts.cfg 2005/09/08 v0.1 add Arabic and Farsi to "declared" options of
 babel
) ("C:\Program Files\MiKTeX 2.9\tex/latex/babel-english\english.ldf"
Language: english 2017/06/06 v3.3r English support from the babel system
("C:\Program Files\MiKTeX 2.9\tex/generic/babel\babel.def"
File: babel.def 2020/03/22 3.42 Babel common definitions
\babel@savecnt=\count89
\U@D=\dimen103
("C:\Program Files\MiKTeX 2.9\tex/generic/babel\txtbabel.def")
\bbl@readstream=\read1
\bbl@dirlevel=\count90
)
Package babel Info: \l@canadian = using hyphenrules for english
(babel)             (\language0) on input line 102.
Package babel Info: \l@australian = using hyphenrules for ukenglish
(babel)             (\language76) on input line 105.
Package babel Info: \l@newzealand = using hyphenrules for ukenglish
(babel)             (\language76) on input line 108.
)
(C:\Users\–ü–µ–Ω–æ–ø–ª–∞—Å—Ç–æ—á–∫–∞\AppData\Roaming\MiKTeX\2.9\tex/latex/babel
-russian\russianb.ldf
Language: russian 2017/08/12 1.3j Russian support for the Babel system
Package babel Info: Making " an active character on input line 120.
Package babel Info: Default for \cyrdash is provided on input line 157.
))
(C:\Users\–ü–µ–Ω–æ–ø–ª–∞—Å—Ç–æ—á–∫–∞\AppData\Roaming\MiKTeX\2.9\tex/latex/relsi
ze\relsize.sty
Package: relsize 2013/03/29 ver 4.1
) ("C:\Program Files\MiKTeX 2.9\tex/latex/graphics\graphicx.sty"
Package: graphicx 2019/11/30 v1.2a Enhanced LaTeX Graphics (DPC,SPQR)
("C:\Program Files\MiKTeX 2.9\tex/latex/graphics\graphics.sty"
Package: graphics 2019/11/30 v1.4a Standard LaTeX Graphics (DPC,SPQR)
("C:\Program Files\MiKTeX 2.9\tex/latex/graphics\trig.sty"
Package: trig 2016/01/03 v1.10 sin cos tan (DPC)
) ("C:\Program Files\MiKTeX 2.9\tex/latex/graphics-cfg\graphics.cfg"
File: graphics.cfg 2016/06/04 v1.11 sample graphics configuration
)
Package graphics Info: Driver file: pdftex.def on input line 105.
("C:\Program Files\MiKTeX 2.9\tex/latex/graphics-def\pdftex.def"
File: pdftex.def 2018/01/08 v1.0l Graphics/color driver for pdftex
))
\Gin@req@height=\dimen104
\Gin@req@width=\dimen105
)
(C:\Users\–ü–µ–Ω–æ–ø–ª–∞—Å—Ç–æ—á–∫–∞\AppData\Roaming\MiKTeX\2.9\tex/latex/subfi
gure\subfigure.sty
Package: subfigure 2002/07/30 v2.1.4 subfigure package
\subfigtopskip=\skip57
\subfigcapskip=\skip58
\subfigcaptopadj=\dimen106
\subfigbottomskip=\skip59
\subfigcapmargin=\dimen107
\subfiglabelskip=\skip60
\c@subfigure=\count91
\c@lofdepth=\count92
\c@subtable=\count93
\c@lotdepth=\count94
****************************************
* Local config file subfigure.cfg used *
****************************************

(C:\Users\–ü–µ–Ω–æ–ø–ª–∞—Å—Ç–æ—á–∫–∞\AppData\Roaming\MiKTeX\2.9\tex/latex/subfi
gure\subfigure.cfg)
\subfig@top=\skip61
\subfig@bottom=\skip62
)
(C:\Users\–ü–µ–Ω–æ–ø–ª–∞—Å—Ç–æ—á–∫–∞\AppData\Roaming\MiKTeX\2.9\tex/latex/matht
ools\mathtools.sty
Package: mathtools 2018/01/08 v1.21 mathematical typesetting tools
("C:\Program Files\MiKTeX 2.9\tex/latex/tools\calc.sty"
Package: calc 2017/05/25 v4.3 Infix arithmetic (KKT,FJ)
\calc@Acount=\count95
\calc@Bcount=\count96
\calc@Adimen=\dimen108
\calc@Bdimen=\dimen109
\calc@Askip=\skip63
\calc@Bskip=\skip64
LaTeX Info: Redefining \setlength on input line 80.
LaTeX Info: Redefining \addtolength on input line 81.
\calc@Ccount=\count97
\calc@Cskip=\skip65
)
(C:\Users\–ü–µ–Ω–æ–ø–ª–∞—Å—Ç–æ—á–∫–∞\AppData\Roaming\MiKTeX\2.9\tex/latex/matht
ools\mhsetup.sty
Package: mhsetup 2017/03/31 v1.3 programming setup (MH)
) ("C:\Program Files\MiKTeX 2.9\tex/latex/amsmath\amsmath.sty"
Package: amsmath 2020/01/20 v2.17e AMS math features
\@mathmargin=\skip66
For additional information on amsmath, use the `?' option.
("C:\Program Files\MiKTeX 2.9\tex/latex/amsmath\amstext.sty"
Package: amstext 2000/06/29 v2.01 AMS text
("C:\Program Files\MiKTeX 2.9\tex/latex/amsmath\amsgen.sty"
File: amsgen.sty 1999/11/30 v2.0 generic functions
\@emptytoks=\toks18
\ex@=\dimen110
)) ("C:\Program Files\MiKTeX 2.9\tex/latex/amsmath\amsbsy.sty"
Package: amsbsy 1999/11/29 v1.2d Bold Symbols
\pmbraise@=\dimen111
) ("C:\Program Files\MiKTeX 2.9\tex/latex/amsmath\amsopn.sty"
Package: amsopn 2016/03/08 v2.02 operator names
)
\inf@bad=\count98
LaTeX Info: Redefining \frac on input line 227.
\uproot@=\count99
\leftroot@=\count100
LaTeX Info: Redefining \overline on input line 389.
\classnum@=\count101
\DOTSCASE@=\count102
LaTeX Info: Redefining \ldots on input line 486.
LaTeX Info: Redefining \dots on input line 489.
LaTeX Info: Redefining \cdots on input line 610.
\Mathstrutbox@=\box29
\strutbox@=\box30
\big@size=\dimen112
LaTeX Font Info:    Redeclaring font encoding OML on input line 733.
LaTeX Font Info:    Redeclaring font encoding OMS on input line 734.
\macc@depth=\count103
\c@MaxMatrixCols=\count104
\dotsspace@=\muskip10
\c@parentequation=\count105
\dspbrk@lvl=\count106
\tag@help=\toks19
\row@=\count107
\column@=\count108
\maxfields@=\count109
\andhelp@=\toks20
\eqnshift@=\dimen113
\alignsep@=\dimen114
\tagshift@=\dimen115
\tagwidth@=\dimen116
\totwidth@=\dimen117
\lineht@=\dimen118
\@envbody=\toks21
\multlinegap=\skip67
\multlinetaggap=\skip68
\mathdisplay@stack=\toks22
LaTeX Info: Redefining \[ on input line 2859.
LaTeX Info: Redefining \] on input line 2860.
)
LaTeX Info: Thecontrolsequence`\('isalreadyrobust on input line 129.
LaTeX Info: Thecontrolsequence`\)'isalreadyrobust on input line 129.
LaTeX Info: Thecontrolsequence`\['isalreadyrobust on input line 129.
LaTeX Info: Thecontrolsequence`\]'isalreadyrobust on input line 129.
\g_MT_multlinerow_int=\count110
\l_MT_multwidth_dim=\dimen119
\origjot=\skip69
\l_MT_shortvdotswithinadjustabove_dim=\dimen120
\l_MT_shortvdotswithinadjustbelow_dim=\dimen121
\l_MT_above_intertext_sep=\dimen122
\l_MT_below_intertext_sep=\dimen123
\l_MT_above_shortintertext_sep=\dimen124
\l_MT_below_shortintertext_sep=\dimen125
) ("C:\Program Files\MiKTeX 2.9\tex/latex/amsfonts\amssymb.sty"
Package: amssymb 2013/01/14 v3.01 AMS font symbols
("C:\Program Files\MiKTeX 2.9\tex/latex/amsfonts\amsfonts.sty"
Package: amsfonts 2013/01/14 v3.01 Basic AMSFonts support
\symAMSa=\mathgroup4
\symAMSb=\mathgroup5
LaTeX Font Info:    Redeclaring math symbol \hbar on input line 98.
LaTeX Font Info:    Overwriting math alphabet `\mathfrak' in version `bold'
(Font)                  U/euf/m/n --> U/euf/b/n on input line 106.
)) ("C:\Program Files\MiKTeX 2.9\tex/latex/float\float.sty"
Package: float 2001/11/08 v1.3d Float enhancements (AL)
\c@float@type=\count111
\float@exts=\toks23
\float@box=\box31
\@float@everytoks=\toks24
\@floatcapt=\box32
)
(C:\Users\–ü–µ–Ω–æ–ø–ª–∞—Å—Ç–æ—á–∫–∞\AppData\Roaming\MiKTeX\2.9\tex/latex/sidec
ap\sidecap.sty
Package: sidecap 2003/06/06 v1.6f SideCap Package (RN/HjG)
("C:\Program Files\MiKTeX 2.9\tex/latex/base\ifthen.sty"
Package: ifthen 2014/09/29 v1.1c Standard LaTeX ifthen package (DPC)
)
\SC@BOXWD=\dimen126
\SC@CAPWD=\dimen127
\SC@tempdima=\dimen128
\SC@tempdimb=\dimen129
\c@SC@C=\count112
\SC@BOX=\box33
)
(C:\Users\–ü–µ–Ω–æ–ø–ª–∞—Å—Ç–æ—á–∫–∞\AppData\Roaming\MiKTeX\2.9\tex/latex/wrapf
ig\wrapfig.sty
\wrapoverhang=\dimen130
\WF@size=\dimen131
\c@WF@wrappedlines=\count113
\WF@box=\box34
\WF@everypar=\toks25
Package: wrapfig 2003/01/31  v 3.6
)
(C:\Users\–ü–µ–Ω–æ–ø–ª–∞—Å—Ç–æ—á–∫–∞\AppData\Roaming\MiKTeX\2.9\tex/latex/capti
on\caption.sty
Package: caption 2018/10/06 v3.3-154 Customizing captions (AR)

(C:\Users\–ü–µ–Ω–æ–ø–ª–∞—Å—Ç–æ—á–∫–∞\AppData\Roaming\MiKTeX\2.9\tex/latex/capti
on\caption3.sty
Package: caption3 2018/09/12 v1.8c caption3 kernel (AR)
Package caption3 Info: TeX engine: e-TeX on input line 64.
\captionmargin=\dimen132
\captionmargin@=\dimen133
\captionwidth=\dimen134
\caption@tempdima=\dimen135
\caption@indent=\dimen136
\caption@parindent=\dimen137
\caption@hangindent=\dimen138
)
Package caption Info: KOMA-Script document class.
\c@caption@flags=\count114
\c@ContinuedFloat=\count115
Package caption Info: float package is loaded.
Package caption Info: sidecap package is loaded.
Package caption Info: subfigure package is loaded.
Package caption Info: wrapfig package is loaded.
)
(C:\Users\–ü–µ–Ω–æ–ø–ª–∞—Å—Ç–æ—á–∫–∞\AppData\Roaming\MiKTeX\2.9\tex/latex/xcolo
r\xcolor.sty
Package: xcolor 2016/05/11 v2.12 LaTeX color extensions (UK)
("C:\Program Files\MiKTeX 2.9\tex/latex/graphics-cfg\color.cfg"
File: color.cfg 2016/01/02 v1.6 sample color configuration
)
Package xcolor Info: Driver file: pdftex.def on input line 225.

(C:\Users\–ü–µ–Ω–æ–ø–ª–∞—Å—Ç–æ—á–∫–∞\AppData\Roaming\MiKTeX\2.9\tex/latex/color
tbl\colortbl.sty
Package: colortbl 2018/12/12 v1.0d Color table columns (DPC)
("C:\Program Files\MiKTeX 2.9\tex/latex/tools\array.sty"
Package: array 2019/08/31 v2.4l Tabular extension package (FMi)
\col@sep=\dimen139
\ar@mcellbox=\box35
\extrarowheight=\dimen140
\NC@list=\toks26
\extratabsurround=\skip70
\backup@length=\skip71
\ar@cellbox=\box36
)
\everycr=\toks27
\minrowclearance=\skip72
)
\rownum=\count116
Package xcolor Info: Model `cmy' substituted by `cmy0' on input line 1348.
Package xcolor Info: Model `hsb' substituted by `rgb' on input line 1352.
Package xcolor Info: Model `RGB' extended on input line 1364.
Package xcolor Info: Model `HTML' substituted by `rgb' on input line 1366.
Package xcolor Info: Model `Hsb' substituted by `hsb' on input line 1367.
Package xcolor Info: Model `tHsb' substituted by `hsb' on input line 1368.
Package xcolor Info: Model `HSB' substituted by `hsb' on input line 1369.
Package xcolor Info: Model `Gray' substituted by `gray' on input line 1370.
Package xcolor Info: Model `wave' substituted by `hsb' on input line 1371.
)
(C:\Users\–ü–µ–Ω–æ–ø–ª–∞—Å—Ç–æ—á–∫–∞\AppData\Roaming\MiKTeX\2.9\tex/latex/minte
d\minted.sty
Package: minted 2017/07/19 v2.5 Yet another Pygments shim for LaTeX

(C:\Users\–ü–µ–Ω–æ–ø–ª–∞—Å—Ç–æ—á–∫–∞\AppData\Roaming\MiKTeX\2.9\tex/latex/kvopt
ions\kvoptions.sty
Package: kvoptions 2019/11/29 v3.13 Key value format for package options (HO)

(C:\Users\–ü–µ–Ω–æ–ø–ª–∞—Å—Ç–æ—á–∫–∞\AppData\Roaming\MiKTeX\2.9\tex/generic/ltx
cmds\ltxcmds.sty
Package: ltxcmds 2019/12/15 v1.24 LaTeX kernel commands for general use (HO)
)
(C:\Users\–ü–µ–Ω–æ–ø–ª–∞—Å—Ç–æ—á–∫–∞\AppData\Roaming\MiKTeX\2.9\tex/generic/kvs
etkeys\kvsetkeys.sty
Package: kvsetkeys 2019/12/15 v1.18 Key value parser (HO)
))
(C:\Users\–ü–µ–Ω–æ–ø–ª–∞—Å—Ç–æ—á–∫–∞\AppData\Roaming\MiKTeX\2.9\tex/latex/fvext
ra\fvextra.sty
Package: fvextra 2019/02/04 v1.4 fvextra - extensions and patches for fancyvrb

(C:\Users\–ü–µ–Ω–æ–ø–ª–∞—Å—Ç–æ—á–∫–∞\AppData\Roaming\MiKTeX\2.9\tex/latex/etool
box\etoolbox.sty
Package: etoolbox 2018/08/19 v2.5f e-TeX tools for LaTeX (JAW)
\etb@tempcnta=\count117

Package etoolbox Warning: Patching '\begin' failed!
(etoolbox)                '\AtBeginEnvironment' will not work.


Package etoolbox Warning: Patching '\end' failed!
(etoolbox)                '\AtEndEnvironment' will not work.


Package etoolbox Warning: Patching '\end' failed!
(etoolbox)                '\AfterEndEnvironment' will not work.

)
(C:\Users\–ü–µ–Ω–æ–ø–ª–∞—Å—Ç–æ—á–∫–∞\AppData\Roaming\MiKTeX\2.9\tex/latex/fancy
vrb\fancyvrb.sty
Package: fancyvrb 2019/01/15
Style option: `fancyvrb' v3.2a <2019/01/15> (tvz)
\FV@CodeLineNo=\count118
\FV@InFile=\read2
\FV@TabBox=\box37
\c@FancyVerbLine=\count119
\FV@StepNumber=\count120
\FV@OutFile=\write3
)
(C:\Users\–ü–µ–Ω–æ–ø–ª–∞—Å—Ç–æ—á–∫–∞\AppData\Roaming\MiKTeX\2.9\tex/latex/upquo
te\upquote.sty
Package: upquote 2012/04/19 v1.3 upright-quote and grave-accent glyphs in verba
tim
("C:\Program Files\MiKTeX 2.9\tex/latex/base\textcomp.sty"
Package: textcomp 2020/02/02 v2.0n Standard LaTeX package
))
(C:\Users\–ü–µ–Ω–æ–ø–ª–∞—Å—Ç–æ—á–∫–∞\AppData\Roaming\MiKTeX\2.9\tex/latex/linen
o\lineno.sty
Package: lineno 2005/11/02 line numbers on paragraphs v4.41
\linenopenalty=\count121
\output=\toks28
\linenoprevgraf=\count122
\linenumbersep=\dimen141
\linenumberwidth=\dimen142
\c@linenumber=\count123
\c@pagewiselinenumber=\count124
\c@LN@truepage=\count125
\c@internallinenumber=\count126
\c@internallinenumbers=\count127
\quotelinenumbersep=\dimen143
\bframerule=\dimen144
\bframesep=\dimen145
\bframebox=\box38
LaTeX Info: Redefining \\ on input line 3056.
)
\c@FV@TrueTabGroupLevel=\count128
\c@FV@TrueTabCounter=\count129
\FV@TabBox@Group=\box39
\FV@TmpLength=\skip73
\c@FV@HighlightLinesStart=\count130
\c@FV@HighlightLinesStop=\count131
\FV@LoopCount=\count132
\FV@NCharsBox=\box40
\FV@BreakIndent=\dimen146
\FV@BreakIndentNChars=\count133
\FV@BreakSymbolSepLeft=\dimen147
\FV@BreakSymbolSepLeftNChars=\count134
\FV@BreakSymbolSepRight=\dimen148
\FV@BreakSymbolSepRightNChars=\count135
\FV@BreakSymbolIndentLeft=\dimen149
\FV@BreakSymbolIndentLeftNChars=\count136
\FV@BreakSymbolIndentRight=\dimen150
\FV@BreakSymbolIndentRightNChars=\count137
\c@FancyVerbLineBreakLast=\count138
\FV@LineBox=\box41
\FV@LineIndentBox=\box42
\FV@LineWidth=\dimen151
) ("C:\Program Files\MiKTeX 2.9\tex/latex/tools\shellesc.sty"
Package: shellesc 2019/11/08 v1.0c unified shell escape interface for LaTeX
Package shellesc Info: Unrestricted shell escape enabled on input line 75.
)
(C:\Users\–ü–µ–Ω–æ–ø–ª–∞—Å—Ç–æ—á–∫–∞\AppData\Roaming\MiKTeX\2.9\tex/latex/ifpla
tform\ifplatform.sty
Package: ifplatform 2017/10/13 v0.4a Testing for the operating system

(C:\Users\–ü–µ–Ω–æ–ø–ª–∞—Å—Ç–æ—á–∫–∞\AppData\Roaming\MiKTeX\2.9\tex/latex/pdfte
xcmds\pdftexcmds.sty
Package: pdftexcmds 2019/11/24 v0.31 Utility functions of pdfTeX for LuaTeX (HO
)

(C:\Users\–ü–µ–Ω–æ–ø–ª–∞—Å—Ç–æ—á–∫–∞\AppData\Roaming\MiKTeX\2.9\tex/generic/inf
warerr\infwarerr.sty
Package: infwarerr 2019/12/03 v1.5 Providing info/warning/error messages (HO)
)
(C:\Users\–ü–µ–Ω–æ–ø–ª–∞—Å—Ç–æ—á–∫–∞\AppData\Roaming\MiKTeX\2.9\tex/generic/ift
ex\iftex.sty
Package: iftex 2019/11/07 v1.0c TeX engine tests
)
Package pdftexcmds Info: \pdf@primitive is available.
Package pdftexcmds Info: \pdf@ifprimitive is available.
Package pdftexcmds Info: \pdfdraftmode found.
)
(C:\Users\–ü–µ–Ω–æ–ø–ª–∞—Å—Ç–æ—á–∫–∞\AppData\Roaming\MiKTeX\2.9\tex/generic/cat
chfile\catchfile.sty
Package: catchfile 2019/12/09 v1.8 Catch the contents of a file (HO)

(C:\Users\–ü–µ–Ω–æ–ø–ª–∞—Å—Ç–æ—á–∫–∞\AppData\Roaming\MiKTeX\2.9\tex/generic/ete
xcmds\etexcmds.sty
Package: etexcmds 2019/12/15 v1.7 Avoid name clashes with e-TeX commands (HO)
))
(C:\Users\–ü–µ–Ω–æ–ø–ª–∞—Å—Ç–æ—á–∫–∞\AppData\Roaming\MiKTeX\2.9\tex/generic/ift
ex\ifluatex.sty
Package: ifluatex 2019/10/25 v1.5 ifluatex legacy package. Use iftex instead.
))
(C:\Users\–ü–µ–Ω–æ–ø–ª–∞—Å—Ç–æ—á–∫–∞\AppData\Roaming\MiKTeX\2.9\tex/latex/xstri
ng\xstring.sty
(C:\Users\–ü–µ–Ω–æ–ø–ª–∞—Å—Ç–æ—á–∫–∞\AppData\Roaming\MiKTeX\2.9\tex/generic/xst
ring\xstring.tex
\integerpart=\count139
\decimalpart=\count140
)
Package: xstring 2019/02/06 v1.83 String manipulations (CT)
)
(C:\Users\–ü–µ–Ω–æ–ø–ª–∞—Å—Ç–æ—á–∫–∞\AppData\Roaming\MiKTeX\2.9\tex/latex/frame
d\framed.sty
Package: framed 2011/10/22 v 0.96: framed or shaded text with page breaks
\OuterFrameSep=\skip74
\fb@frw=\dimen152
\fb@frh=\dimen153
\FrameRule=\dimen154
\FrameSep=\dimen155
)
\minted@appexistsfile=\read3
\minted@bgbox=\box43
\minted@code=\write4
\c@minted@FancyVerbLineTemp=\count141
\c@minted@pygmentizecounter=\count142
\@float@every@listing=\toks29
\c@listing=\count143
)
runsystem(if not exist _minted-document mkdir _minted-document)...executed.


(C:\Users\–ü–µ–Ω–æ–ø–ª–∞—Å—Ç–æ—á–∫–∞\AppData\Roaming\MiKTeX\2.9\tex/latex/tcolo
rbox\tcolorbox.sty
Package: tcolorbox 2019/11/15 version 4.22 text color boxes

(C:\Users\–ü–µ–Ω–æ–ø–ª–∞—Å—Ç–æ—á–∫–∞\AppData\Roaming\MiKTeX\2.9\tex/latex/pgf/b
asiclayer\pgf.sty
(C:\Users\–ü–µ–Ω–æ–ø–ª–∞—Å—Ç–æ—á–∫–∞\AppData\Roaming\MiKTeX\2.9\tex/latex/pgf/u
tilities\pgfrcs.sty
(C:\Users\–ü–µ–Ω–æ–ø–ª–∞—Å—Ç–æ—á–∫–∞\AppData\Roaming\MiKTeX\2.9\tex/generic/pgf
/utilities\pgfutil-common.tex
\pgfutil@everybye=\toks30
\pgfutil@tempdima=\dimen156
\pgfutil@tempdimb=\dimen157

(C:\Users\–ü–µ–Ω–æ–ø–ª–∞—Å—Ç–æ—á–∫–∞\AppData\Roaming\MiKTeX\2.9\tex/generic/pgf
/utilities\pgfutil-common-lists.tex))
(C:\Users\–ü–µ–Ω–æ–ø–ª–∞—Å—Ç–æ—á–∫–∞\AppData\Roaming\MiKTeX\2.9\tex/generic/pgf
/utilities\pgfutil-latex.def
\pgfutil@abb=\box44

(C:\Users\–ü–µ–Ω–æ–ø–ª–∞—Å—Ç–æ—á–∫–∞\AppData\Roaming\MiKTeX\2.9\tex/latex/ms\ev
eryshi.sty
Package: everyshi 2001/05/15 v3.00 EveryShipout Package (MS)
))
(C:\Users\–ü–µ–Ω–æ–ø–ª–∞—Å—Ç–æ—á–∫–∞\AppData\Roaming\MiKTeX\2.9\tex/generic/pgf
/utilities\pgfrcs.code.tex
(C:\Users\–ü–µ–Ω–æ–ø–ª–∞—Å—Ç–æ—á–∫–∞\AppData\Roaming\MiKTeX\2.9\tex/generic/pgf
\pgf.revision.tex)
Package: pgfrcs 2019/08/03 v3.1.4b (3.1.4b)
))
Package: pgf 2019/08/03 v3.1.4b (3.1.4b)

(C:\Users\–ü–µ–Ω–æ–ø–ª–∞—Å—Ç–æ—á–∫–∞\AppData\Roaming\MiKTeX\2.9\tex/latex/pgf/b
asiclayer\pgfcore.sty
(C:\Users\–ü–µ–Ω–æ–ø–ª–∞—Å—Ç–æ—á–∫–∞\AppData\Roaming\MiKTeX\2.9\tex/latex/pgf/s
ystemlayer\pgfsys.sty
(C:\Users\–ü–µ–Ω–æ–ø–ª–∞—Å—Ç–æ—á–∫–∞\AppData\Roaming\MiKTeX\2.9\tex/generic/pgf
/systemlayer\pgfsys.code.tex
Package: pgfsys 2019/08/03 v3.1.4b (3.1.4b)

(C:\Users\–ü–µ–Ω–æ–ø–ª–∞—Å—Ç–æ—á–∫–∞\AppData\Roaming\MiKTeX\2.9\tex/generic/pgf
/utilities\pgfkeys.code.tex
\pgfkeys@pathtoks=\toks31
\pgfkeys@temptoks=\toks32

(C:\Users\–ü–µ–Ω–æ–ø–ª–∞—Å—Ç–æ—á–∫–∞\AppData\Roaming\MiKTeX\2.9\tex/generic/pgf
/utilities\pgfkeysfiltered.code.tex
\pgfkeys@tmptoks=\toks33
))
\pgf@x=\dimen158
\pgf@y=\dimen159
\pgf@xa=\dimen160
\pgf@ya=\dimen161
\pgf@xb=\dimen162
\pgf@yb=\dimen163
\pgf@xc=\dimen164
\pgf@yc=\dimen165
\pgf@xd=\dimen166
\pgf@yd=\dimen167
\w@pgf@writea=\write5
\r@pgf@reada=\read4
\c@pgf@counta=\count144
\c@pgf@countb=\count145
\c@pgf@countc=\count146
\c@pgf@countd=\count147
\t@pgf@toka=\toks34
\t@pgf@tokb=\toks35
\t@pgf@tokc=\toks36
\pgf@sys@id@count=\count148

(C:\Users\–ü–µ–Ω–æ–ø–ª–∞—Å—Ç–æ—á–∫–∞\AppData\Roaming\MiKTeX\2.9\tex/generic/pgf
/systemlayer\pgf.cfg
File: pgf.cfg 2019/08/03 v3.1.4b (3.1.4b)
)
Driver file for pgf: pgfsys-pdftex.def

(C:\Users\–ü–µ–Ω–æ–ø–ª–∞—Å—Ç–æ—á–∫–∞\AppData\Roaming\MiKTeX\2.9\tex/generic/pgf
/systemlayer\pgfsys-pdftex.def
File: pgfsys-pdftex.def 2019/08/03 v3.1.4b (3.1.4b)

(C:\Users\–ü–µ–Ω–æ–ø–ª–∞—Å—Ç–æ—á–∫–∞\AppData\Roaming\MiKTeX\2.9\tex/generic/pgf
/systemlayer\pgfsys-common-pdf.def
File: pgfsys-common-pdf.def 2019/08/03 v3.1.4b (3.1.4b)
)))
(C:\Users\–ü–µ–Ω–æ–ø–ª–∞—Å—Ç–æ—á–∫–∞\AppData\Roaming\MiKTeX\2.9\tex/generic/pgf
/systemlayer\pgfsyssoftpath.code.tex
File: pgfsyssoftpath.code.tex 2019/08/03 v3.1.4b (3.1.4b)
\pgfsyssoftpath@smallbuffer@items=\count149
\pgfsyssoftpath@bigbuffer@items=\count150
)
(C:\Users\–ü–µ–Ω–æ–ø–ª–∞—Å—Ç–æ—á–∫–∞\AppData\Roaming\MiKTeX\2.9\tex/generic/pgf
/systemlayer\pgfsysprotocol.code.tex
File: pgfsysprotocol.code.tex 2019/08/03 v3.1.4b (3.1.4b)
))
(C:\Users\–ü–µ–Ω–æ–ø–ª–∞—Å—Ç–æ—á–∫–∞\AppData\Roaming\MiKTeX\2.9\tex/generic/pgf
/basiclayer\pgfcore.code.tex
Package: pgfcore 2019/08/03 v3.1.4b (3.1.4b)

(C:\Users\–ü–µ–Ω–æ–ø–ª–∞—Å—Ç–æ—á–∫–∞\AppData\Roaming\MiKTeX\2.9\tex/generic/pgf
/math\pgfmath.code.tex
(C:\Users\–ü–µ–Ω–æ–ø–ª–∞—Å—Ç–æ—á–∫–∞\AppData\Roaming\MiKTeX\2.9\tex/generic/pgf
/math\pgfmathcalc.code.tex
(C:\Users\–ü–µ–Ω–æ–ø–ª–∞—Å—Ç–æ—á–∫–∞\AppData\Roaming\MiKTeX\2.9\tex/generic/pgf
/math\pgfmathutil.code.tex)
(C:\Users\–ü–µ–Ω–æ–ø–ª–∞—Å—Ç–æ—á–∫–∞\AppData\Roaming\MiKTeX\2.9\tex/generic/pgf
/math\pgfmathparser.code.tex
\pgfmath@dimen=\dimen168
\pgfmath@count=\count151
\pgfmath@box=\box45
\pgfmath@toks=\toks37
\pgfmath@stack@operand=\toks38
\pgfmath@stack@operation=\toks39
)
(C:\Users\–ü–µ–Ω–æ–ø–ª–∞—Å—Ç–æ—á–∫–∞\AppData\Roaming\MiKTeX\2.9\tex/generic/pgf
/math\pgfmathfunctions.code.tex
(C:\Users\–ü–µ–Ω–æ–ø–ª–∞—Å—Ç–æ—á–∫–∞\AppData\Roaming\MiKTeX\2.9\tex/generic/pgf
/math\pgfmathfunctions.basic.code.tex)
(C:\Users\–ü–µ–Ω–æ–ø–ª–∞—Å—Ç–æ—á–∫–∞\AppData\Roaming\MiKTeX\2.9\tex/generic/pgf
/math\pgfmathfunctions.trigonometric.code.tex)
(C:\Users\–ü–µ–Ω–æ–ø–ª–∞—Å—Ç–æ—á–∫–∞\AppData\Roaming\MiKTeX\2.9\tex/generic/pgf
/math\pgfmathfunctions.random.code.tex)
(C:\Users\–ü–µ–Ω–æ–ø–ª–∞—Å—Ç–æ—á–∫–∞\AppData\Roaming\MiKTeX\2.9\tex/generic/pgf
/math\pgfmathfunctions.comparison.code.tex)
(C:\Users\–ü–µ–Ω–æ–ø–ª–∞—Å—Ç–æ—á–∫–∞\AppData\Roaming\MiKTeX\2.9\tex/generic/pgf
/math\pgfmathfunctions.base.code.tex)
(C:\Users\–ü–µ–Ω–æ–ø–ª–∞—Å—Ç–æ—á–∫–∞\AppData\Roaming\MiKTeX\2.9\tex/generic/pgf
/math\pgfmathfunctions.round.code.tex)
(C:\Users\–ü–µ–Ω–æ–ø–ª–∞—Å—Ç–æ—á–∫–∞\AppData\Roaming\MiKTeX\2.9\tex/generic/pgf
/math\pgfmathfunctions.misc.code.tex)
(C:\Users\–ü–µ–Ω–æ–ø–ª–∞—Å—Ç–æ—á–∫–∞\AppData\Roaming\MiKTeX\2.9\tex/generic/pgf
/math\pgfmathfunctions.integerarithmetics.code.tex)))
(C:\Users\–ü–µ–Ω–æ–ø–ª–∞—Å—Ç–æ—á–∫–∞\AppData\Roaming\MiKTeX\2.9\tex/generic/pgf
/math\pgfmathfloat.code.tex
\c@pgfmathroundto@lastzeros=\count152
))
(C:\Users\–ü–µ–Ω–æ–ø–ª–∞—Å—Ç–æ—á–∫–∞\AppData\Roaming\MiKTeX\2.9\tex/generic/pgf
/math\pgfint.code.tex)
(C:\Users\–ü–µ–Ω–æ–ø–ª–∞—Å—Ç–æ—á–∫–∞\AppData\Roaming\MiKTeX\2.9\tex/generic/pgf
/basiclayer\pgfcorepoints.code.tex
File: pgfcorepoints.code.tex 2019/08/03 v3.1.4b (3.1.4b)
\pgf@picminx=\dimen169
\pgf@picmaxx=\dimen170
\pgf@picminy=\dimen171
\pgf@picmaxy=\dimen172
\pgf@pathminx=\dimen173
\pgf@pathmaxx=\dimen174
\pgf@pathminy=\dimen175
\pgf@pathmaxy=\dimen176
\pgf@xx=\dimen177
\pgf@xy=\dimen178
\pgf@yx=\dimen179
\pgf@yy=\dimen180
\pgf@zx=\dimen181
\pgf@zy=\dimen182
)
(C:\Users\–ü–µ–Ω–æ–ø–ª–∞—Å—Ç–æ—á–∫–∞\AppData\Roaming\MiKTeX\2.9\tex/generic/pgf
/basiclayer\pgfcorepathconstruct.code.tex
File: pgfcorepathconstruct.code.tex 2019/08/03 v3.1.4b (3.1.4b)
\pgf@path@lastx=\dimen183
\pgf@path@lasty=\dimen184
)
(C:\Users\–ü–µ–Ω–æ–ø–ª–∞—Å—Ç–æ—á–∫–∞\AppData\Roaming\MiKTeX\2.9\tex/generic/pgf
/basiclayer\pgfcorepathusage.code.tex
File: pgfcorepathusage.code.tex 2019/08/03 v3.1.4b (3.1.4b)
\pgf@shorten@end@additional=\dimen185
\pgf@shorten@start@additional=\dimen186
)
(C:\Users\–ü–µ–Ω–æ–ø–ª–∞—Å—Ç–æ—á–∫–∞\AppData\Roaming\MiKTeX\2.9\tex/generic/pgf
/basiclayer\pgfcorescopes.code.tex
File: pgfcorescopes.code.tex 2019/08/03 v3.1.4b (3.1.4b)
\pgfpic=\box46
\pgf@hbox=\box47
\pgf@layerbox@main=\box48
\pgf@picture@serial@count=\count153
)
(C:\Users\–ü–µ–Ω–æ–ø–ª–∞—Å—Ç–æ—á–∫–∞\AppData\Roaming\MiKTeX\2.9\tex/generic/pgf
/basiclayer\pgfcoregraphicstate.code.tex
File: pgfcoregraphicstate.code.tex 2019/08/03 v3.1.4b (3.1.4b)
\pgflinewidth=\dimen187
)
(C:\Users\–ü–µ–Ω–æ–ø–ª–∞—Å—Ç–æ—á–∫–∞\AppData\Roaming\MiKTeX\2.9\tex/generic/pgf
/basiclayer\pgfcoretransformations.code.tex
File: pgfcoretransformations.code.tex 2019/08/03 v3.1.4b (3.1.4b)
\pgf@pt@x=\dimen188
\pgf@pt@y=\dimen189
\pgf@pt@temp=\dimen190
)
(C:\Users\–ü–µ–Ω–æ–ø–ª–∞—Å—Ç–æ—á–∫–∞\AppData\Roaming\MiKTeX\2.9\tex/generic/pgf
/basiclayer\pgfcorequick.code.tex
File: pgfcorequick.code.tex 2019/08/03 v3.1.4b (3.1.4b)
)
(C:\Users\–ü–µ–Ω–æ–ø–ª–∞—Å—Ç–æ—á–∫–∞\AppData\Roaming\MiKTeX\2.9\tex/generic/pgf
/basiclayer\pgfcoreobjects.code.tex
File: pgfcoreobjects.code.tex 2019/08/03 v3.1.4b (3.1.4b)
)
(C:\Users\–ü–µ–Ω–æ–ø–ª–∞—Å—Ç–æ—á–∫–∞\AppData\Roaming\MiKTeX\2.9\tex/generic/pgf
/basiclayer\pgfcorepathprocessing.code.tex
File: pgfcorepathprocessing.code.tex 2019/08/03 v3.1.4b (3.1.4b)
)
(C:\Users\–ü–µ–Ω–æ–ø–ª–∞—Å—Ç–æ—á–∫–∞\AppData\Roaming\MiKTeX\2.9\tex/generic/pgf
/basiclayer\pgfcorearrows.code.tex
File: pgfcorearrows.code.tex 2019/08/03 v3.1.4b (3.1.4b)
\pgfarrowsep=\dimen191
)
(C:\Users\–ü–µ–Ω–æ–ø–ª–∞—Å—Ç–æ—á–∫–∞\AppData\Roaming\MiKTeX\2.9\tex/generic/pgf
/basiclayer\pgfcoreshade.code.tex
File: pgfcoreshade.code.tex 2019/08/03 v3.1.4b (3.1.4b)
\pgf@max=\dimen192
\pgf@sys@shading@range@num=\count154
\pgf@shadingcount=\count155
)
(C:\Users\–ü–µ–Ω–æ–ø–ª–∞—Å—Ç–æ—á–∫–∞\AppData\Roaming\MiKTeX\2.9\tex/generic/pgf
/basiclayer\pgfcoreimage.code.tex
File: pgfcoreimage.code.tex 2019/08/03 v3.1.4b (3.1.4b)

(C:\Users\–ü–µ–Ω–æ–ø–ª–∞—Å—Ç–æ—á–∫–∞\AppData\Roaming\MiKTeX\2.9\tex/generic/pgf
/basiclayer\pgfcoreexternal.code.tex
File: pgfcoreexternal.code.tex 2019/08/03 v3.1.4b (3.1.4b)
\pgfexternal@startupbox=\box49
))
(C:\Users\–ü–µ–Ω–æ–ø–ª–∞—Å—Ç–æ—á–∫–∞\AppData\Roaming\MiKTeX\2.9\tex/generic/pgf
/basiclayer\pgfcorelayers.code.tex
File: pgfcorelayers.code.tex 2019/08/03 v3.1.4b (3.1.4b)
)
(C:\Users\–ü–µ–Ω–æ–ø–ª–∞—Å—Ç–æ—á–∫–∞\AppData\Roaming\MiKTeX\2.9\tex/generic/pgf
/basiclayer\pgfcoretransparency.code.tex
File: pgfcoretransparency.code.tex 2019/08/03 v3.1.4b (3.1.4b)
)
(C:\Users\–ü–µ–Ω–æ–ø–ª–∞—Å—Ç–æ—á–∫–∞\AppData\Roaming\MiKTeX\2.9\tex/generic/pgf
/basiclayer\pgfcorepatterns.code.tex
File: pgfcorepatterns.code.tex 2019/08/03 v3.1.4b (3.1.4b)
)
(C:\Users\–ü–µ–Ω–æ–ø–ª–∞—Å—Ç–æ—á–∫–∞\AppData\Roaming\MiKTeX\2.9\tex/generic/pgf
/basiclayer\pgfcorerdf.code.tex
File: pgfcorerdf.code.tex 2019/08/03 v3.1.4b (3.1.4b)
)))
(C:\Users\–ü–µ–Ω–æ–ø–ª–∞—Å—Ç–æ—á–∫–∞\AppData\Roaming\MiKTeX\2.9\tex/generic/pgf
/modules\pgfmoduleshapes.code.tex
File: pgfmoduleshapes.code.tex 2019/08/03 v3.1.4b (3.1.4b)
\pgfnodeparttextbox=\box50
)
(C:\Users\–ü–µ–Ω–æ–ø–ª–∞—Å—Ç–æ—á–∫–∞\AppData\Roaming\MiKTeX\2.9\tex/generic/pgf
/modules\pgfmoduleplot.code.tex
File: pgfmoduleplot.code.tex 2019/08/03 v3.1.4b (3.1.4b)
)
(C:\Users\–ü–µ–Ω–æ–ø–ª–∞—Å—Ç–æ—á–∫–∞\AppData\Roaming\MiKTeX\2.9\tex/latex/pgf/c
ompatibility\pgfcomp-version-0-65.sty
Package: pgfcomp-version-0-65 2019/08/03 v3.1.4b (3.1.4b)
\pgf@nodesepstart=\dimen193
\pgf@nodesepend=\dimen194
)
(C:\Users\–ü–µ–Ω–æ–ø–ª–∞—Å—Ç–æ—á–∫–∞\AppData\Roaming\MiKTeX\2.9\tex/latex/pgf/c
ompatibility\pgfcomp-version-1-18.sty
Package: pgfcomp-version-1-18 2019/08/03 v3.1.4b (3.1.4b)
)) ("C:\Program Files\MiKTeX 2.9\tex/latex/tools\verbatim.sty"
Package: verbatim 2019/11/10 v1.5r LaTeX2e package for verbatim enhancements
\every@verbatim=\toks40
\verbatim@line=\toks41
\verbatim@in@stream=\read5
)
(C:\Users\–ü–µ–Ω–æ–ø–ª–∞—Å—Ç–æ—á–∫–∞\AppData\Roaming\MiKTeX\2.9\tex/latex/envir
on\environ.sty
Package: environ 2014/05/04 v0.3 A new way to define environments

(C:\Users\–ü–µ–Ω–æ–ø–ª–∞—Å—Ç–æ—á–∫–∞\AppData\Roaming\MiKTeX\2.9\tex/latex/trims
paces\trimspaces.sty
Package: trimspaces 2009/09/17 v1.1 Trim spaces around a token list
))
\tcb@titlebox=\box51
\tcb@upperbox=\box52
\tcb@lowerbox=\box53
\tcb@phantombox=\box54
\c@tcbbreakpart=\count156
\c@tcblayer=\count157
\tcolorbox@number=\count158
\tcb@temp=\box55
\tcb@temp=\box56
\tcb@temp=\box57
\tcb@temp=\box58
\tcb@out=\write6
\tcb@record@out=\write7
)
(C:\Users\–ü–µ–Ω–æ–ø–ª–∞—Å—Ç–æ—á–∫–∞\AppData\Roaming\MiKTeX\2.9\tex/latex/enumi
tem\enumitem.sty
Package: enumitem 2019/06/20 v3.9 Customized lists
\labelindent=\skip75
\enit@outerparindent=\dimen195
\enit@toks=\toks42
\enit@inbox=\box59
\enit@count@id=\count159
\enitdp@description=\count160
)
runsystem(for ^%i in (pygmentize.exe pygmentize.bat pygmentize.cmd) do set > do
cument.aex <nul: /p x=^%~$PATH:i>> document.aex)...executed.

runsystem(del document.aex)...executed.

(document.aux)
\openout1 = `document.aux'.

LaTeX Font Info:    Checking defaults for OML/cmm/m/it on input line 36.
LaTeX Font Info:    ... okay on input line 36.
LaTeX Font Info:    Checking defaults for OMS/cmsy/m/n on input line 36.
LaTeX Font Info:    ... okay on input line 36.
LaTeX Font Info:    Checking defaults for OT1/cmr/m/n on input line 36.
LaTeX Font Info:    ... okay on input line 36.
LaTeX Font Info:    Checking defaults for T1/cmr/m/n on input line 36.
LaTeX Font Info:    ... okay on input line 36.
LaTeX Font Info:    Checking defaults for TS1/cmr/m/n on input line 36.
LaTeX Font Info:    ... okay on input line 36.
LaTeX Font Info:    Checking defaults for OMX/cmex/m/n on input line 36.
LaTeX Font Info:    ... okay on input line 36.
LaTeX Font Info:    Checking defaults for U/cmr/m/n on input line 36.
LaTeX Font Info:    ... okay on input line 36.
LaTeX Font Info:    Checking defaults for T2A/cmr/m/n on input line 36.
LaTeX Font Info:    ... okay on input line 36.

(C:\Users\–ü–µ–Ω–æ–ø–ª–∞—Å—Ç–æ—á–∫–∞\AppData\Roaming\MiKTeX\2.9\tex/context/bas
e\supp-pdf.mkii
[Loading MPS to PDF converter (version 2006.09.02).]
\scratchcounter=\count161
\scratchdimen=\dimen196
\scratchbox=\box60
\nofMPsegments=\count162
\nofMParguments=\count163
\everyMPshowfont=\toks43
\MPscratchCnt=\count164
\MPscratchDim=\dimen197
\MPnumerator=\count165
\makeMPintoPDFobject=\count166
\everyMPtoPDFconversion=\toks44
)
(C:\Users\–ü–µ–Ω–æ–ø–ª–∞—Å—Ç–æ—á–∫–∞\AppData\Roaming\MiKTeX\2.9\tex/latex/epsto
pdf-pkg\epstopdf-base.sty
Package: epstopdf-base 2020-01-24 v2.11 Base part for package epstopdf
Package epstopdf-base Info: Redefining graphics rule for `.eps' on input line 4
85.
)
(C:\Users\–ü–µ–Ω–æ–ø–ª–∞—Å—Ç–æ—á–∫–∞\AppData\Roaming\MiKTeX\2.9\tex/latex/ms\ra
gged2e.sty
Package: ragged2e 2009/05/21 v2.1 ragged2e Package (MS)

(C:\Users\–ü–µ–Ω–æ–ø–ª–∞—Å—Ç–æ—á–∫–∞\AppData\Roaming\MiKTeX\2.9\tex/latex/ms\ev
erysel.sty
Package: everysel 2011/10/28 v1.2 EverySelectfont Package (MS)
ABD: EverySelectfont initializing macros
LaTeX Info: Redefining \selectfont on input line 126.
)
\CenteringLeftskip=\skip76
\RaggedLeftLeftskip=\skip77
\RaggedRightLeftskip=\skip78
\CenteringRightskip=\skip79
\RaggedLeftRightskip=\skip80
\RaggedRightRightskip=\skip81
\CenteringParfillskip=\skip82
\RaggedLeftParfillskip=\skip83
\RaggedRightParfillskip=\skip84
\JustifyingParfillskip=\skip85
\CenteringParindent=\skip86
\RaggedLeftParindent=\skip87
\RaggedRightParindent=\skip88
\JustifyingParindent=\skip89
)
Package caption Info: Begin \AtBeginDocument code.
Package caption Info: End \AtBeginDocument code.
ABD: EveryShipout initializing macros
\ML=\skip90
<<ot1.cmap>><<oml.cmap>><<oms.cmap>><<omx.cmap>>
LaTeX Font Info:    Trying to load font information for U+msa on input line 67.

("C:\Program Files\MiKTeX 2.9\tex/latex/amsfonts\umsa.fd"
File: umsa.fd 2013/01/14 v3.01 AMS symbols A
)
LaTeX Font Info:    Trying to load font information for U+msb on input line 67.

("C:\Program Files\MiKTeX 2.9\tex/latex/amsfonts\umsb.fd"
File: umsb.fd 2013/01/14 v3.01 AMS symbols B
) [1

{C:/Users/–ü–µ–Ω–æ–ø–ª–∞—Å—Ç–æ—á–∫–∞/AppData/Local/MiKTeX/2.9/pdftex/config/pdf
tex.map}]
LaTeX Font Info:    Trying to load font information for T2A+cmss on input line 
83.
("C:\Program Files\MiKTeX 2.9\tex/latex/cyrillic\t2acmss.fd"
File: t2acmss.fd 2001/08/11 v1.0a Computer Modern Cyrillic font definitions
) (document.toc<<t1.cmap>>)
\tf@toc=\write8
\openout8 = `document.toc'.

[2] [3]
\openout3 = `document.pyg'.

(_minted-document/default-pyg-prefix.pygstyle) (_minted-document/default.pygsty
le)
(_minted-document/A494E3D81B536C06AAB0731FED534D2F5061E4B692DD718FCBC086EF9FCF3
0EF.pygtex
Overfull \hbox (34.88248pt too wide) in paragraph at lines 111--1
\T2A/cmr/m/n/14.4 ÒÚ‡‚-Îˇ-ÂÚ ÒÓ-·ÓÈ ÍÛ-ÏÛ-Îˇ-ÚË‚-ÌÛ˛ ÒÛÏ-ÏÛ „‡ÛÒ-ÒÓ-‚˚ı ÒÎÛ-˜‡È
-Ì˚ı ‚Â-ÎË-˜ËÌ ‚Ë-‰‡ $[]$.
 []

LaTeX Font Info:    Trying to load font information for T2A+cmtt on input line 
1.
("C:\Program Files\MiKTeX 2.9\tex/latex/cyrillic\t2acmtt.fd"
File: t2acmtt.fd 2001/08/11 v1.0a Computer Modern Cyrillic font definitions
)
LaTeX Font Info:    Font shape `T2A/cmtt/bx/n' in size <14.4> not available
(Font)              Font shape `T2A/cmtt/m/n' tried instead on input line 2.
)
\openout3 = `document.pyg'.


(_minted-document/20250109AACCC326F219A13E0EA3DB9D5061E4B692DD718FCBC086EF9FCF3
0EF.pygtex)
\openout3 = `document.pyg'.


(_minted-document/D88869F08E975B135C6960706C88DF125061E4B692DD718FCBC086EF9FCF3
0EF.pygtex) [4]
\openout4 = `document.pyg'.


(_minted-document/9DE840B988DA34F484800554EEAD954B5061E4B692DD718FCBC086EF9FCF3
0EF.pygtex)
\openout3 = `document.pyg'.


(_minted-document/D215984FF8854BD2C21747AB6C91BC6F5061E4B692DD718FCBC086EF9FCF3
0EF.pygtex)
\openout3 = `document.pyg'.


(_minted-document/9F8C28F17AF3FC2EA30298EB2E192AC25061E4B692DD718FCBC086EF9FCF3
0EF.pygtex)
\openout4 = `document.pyg'.


(_minted-document/95A067807AB5A05E458EDB45AD470FD25061E4B692DD718FCBC086EF9FCF3
0EF.pygtex)
\openout4 = `document.pyg'.


(_minted-document/9DE840B988DA34F484800554EEAD954B5061E4B692DD718FCBC086EF9FCF3
0EF.pygtex)
\openout4 = `document.pyg'.


(_minted-document/AC0E4F99992FDC2FD829C1E39D4A0F855061E4B692DD718FCBC086EF9FCF3
0EF.pygtex)
\openout4 = `document.pyg'.


(_minted-document/95A067807AB5A05E458EDB45AD470FD25061E4B692DD718FCBC086EF9FCF3
0EF.pygtex)
\openout4 = `document.pyg'.


(_minted-document/7B1BEAE43FA7425FF320AA2D822FEB155061E4B692DD718FCBC086EF9FCF3
0EF.pygtex) [5]
<../img/3d_1.png, id=39, 256.96pt x 256.96pt>
File: ../img/3d_1.png Graphic file (type png)
<use ../img/3d_1.png>
Package pdftex.def Info: ../img/3d_1.png  used on input line 188.
(pdftex.def)             Requested size: 231.27132pt x 231.27362pt.
<../img/3d_6.png, id=40, 256.96pt x 256.96pt>
File: ../img/3d_6.png Graphic file (type png)
<use ../img/3d_6.png>
Package pdftex.def Info: ../img/3d_6.png  used on input line 192.
(pdftex.def)             Requested size: 231.27132pt x 231.27362pt.
<../img/3d_70.png, id=41, 256.96pt x 256.96pt>
File: ../img/3d_70.png Graphic file (type png)
<use ../img/3d_70.png>
Package pdftex.def Info: ../img/3d_70.png  used on input line 196.
(pdftex.def)             Requested size: 231.27132pt x 231.27362pt.
<../img/3d_140.png, id=42, 256.96pt x 256.96pt>
File: ../img/3d_140.png Graphic file (type png)
<use ../img/3d_140.png>
Package pdftex.def Info: ../img/3d_140.png  used on input line 200.
(pdftex.def)             Requested size: 231.27132pt x 231.27362pt.
<../img/2d_1.png, id=43, 722.7pt x 406.51875pt>
File: ../img/2d_1.png Graphic file (type png)
<use ../img/2d_1.png>
Package pdftex.def Info: ../img/2d_1.png  used on input line 208.
(pdftex.def)             Requested size: 344.44424pt x 193.74971pt.
<../img/2d_6.png, id=44, 722.7pt x 406.51875pt>
File: ../img/2d_6.png Graphic file (type png)
<use ../img/2d_6.png>
Package pdftex.def Info: ../img/2d_6.png  used on input line 211.
(pdftex.def)             Requested size: 344.44424pt x 193.74971pt.
<../img/2d_70.png, id=45, 722.7pt x 406.51875pt>
File: ../img/2d_70.png Graphic file (type png)
<use ../img/2d_70.png>
Package pdftex.def Info: ../img/2d_70.png  used on input line 214.
(pdftex.def)             Requested size: 344.44424pt x 193.74971pt.
<../img/2d_140.png, id=46, 722.7pt x 406.51875pt>
File: ../img/2d_140.png Graphic file (type png)
<use ../img/2d_140.png>
Package pdftex.def Info: ../img/2d_140.png  used on input line 217.
(pdftex.def)             Requested size: 344.44424pt x 193.74971pt.

Underfull \hbox (badness 10000) in paragraph at lines 207--219
[]$[]$
 []


Underfull \hbox (badness 10000) in paragraph at lines 207--219
[]$
 []


Underfull \hbox (badness 10000) in paragraph at lines 207--219
[]$
 []

[6 <../img/3d_1.png (PNG copy)> <../img/3d_6.png (PNG copy)> <../img/3d_70.png 
(PNG copy)> <../img/3d_140.png (PNG copy)>]
Overfull \vbox (66.99884pt too high) has occurred while \output is active []

[7 <../img/2d_1.png> <../img/2d_6.png> <../img/2d_70.png> <../img/2d_140.png>]
\openout3 = `document.pyg'.


(_minted-document/25DBEFC656E1FED6EC6E6B7A0DD1B58C5061E4B692DD718FCBC086EF9FCF3
0EF.pygtex)
\openout3 = `document.pyg'.


(_minted-document/4D21A4AB74F79C942183DF9AC8DC60DA5061E4B692DD718FCBC086EF9FCF3
0EF.pygtex)
\openout3 = `document.pyg'.


(_minted-document/878750C0647DC949D564B91D2820DEC55061E4B692DD718FCBC086EF9FCF3
0EF.pygtex) [8]
\openout3 = `document.pyg'.


(_minted-document/BA182DA2630726550E53223C9CA215245061E4B692DD718FCBC086EF9FCF3
0EF.pygtex)
\openout3 = `document.pyg'.


(_minted-document/14E8CE0643EC994CCAF331D2A494C0DF5061E4B692DD718FCBC086EF9FCF3
0EF.pygtex)
\openout3 = `document.pyg'.


(_minted-document/E9D34D64F7755EB4BB79E451B4FBAA825061E4B692DD718FCBC086EF9FCF3
0EF.pygtex) [9]
\openout3 = `document.pyg'.


(_minted-document/135F187585B5AC39241BBA4A32A644425061E4B692DD718FCBC086EF9FCF3
0EF.pygtex)
\openout3 = `document.pyg'.


(_minted-document/F6A1164698997C7188B0DC2B6E011BB65061E4B692DD718FCBC086EF9FCF3
0EF.pygtex)
\openout3 = `document.pyg'.


(_minted-document/60F54D34B139154F2015044CAD671B015061E4B692DD718FCBC086EF9FCF3
0EF.pygtex [10])
\openout3 = `document.pyg'.


(_minted-document/81D4D140E7F1D32ED74A4BD7A2C673F75061E4B692DD718FCBC086EF9FCF3
0EF.pygtex)
\openout3 = `document.pyg'.


(_minted-document/4DC9242DDB52597AB50322827F6540795061E4B692DD718FCBC086EF9FCF3
0EF.pygtex)
\openout3 = `document.pyg'.


(_minted-document/6504109C970EB647E7E1B4F4CC07A0B55061E4B692DD718FCBC086EF9FCF3
0EF.pygtex)
<../img/2d_1_ext.png, id=68, 722.7pt x 406.51875pt>
File: ../img/2d_1_ext.png Graphic file (type png)
<use ../img/2d_1_ext.png>
Package pdftex.def Info: ../img/2d_1_ext.png  used on input line 404.
(pdftex.def)             Requested size: 344.44424pt x 193.74971pt.
<../img/2d_6_ext.png, id=69, 722.7pt x 406.51875pt>
File: ../img/2d_6_ext.png Graphic file (type png)
<use ../img/2d_6_ext.png>
Package pdftex.def Info: ../img/2d_6_ext.png  used on input line 407.
(pdftex.def)             Requested size: 344.44424pt x 193.74971pt.
<../img/2d_70_ext.png, id=70, 722.7pt x 406.51875pt>
File: ../img/2d_70_ext.png Graphic file (type png)
<use ../img/2d_70_ext.png>
Package pdftex.def Info: ../img/2d_70_ext.png  used on input line 410.
(pdftex.def)             Requested size: 344.44424pt x 193.74971pt.
<../img/2d_140_ext.png, id=71, 722.7pt x 406.51875pt>
File: ../img/2d_140_ext.png Graphic file (type png)
<use ../img/2d_140_ext.png>
Package pdftex.def Info: ../img/2d_140_ext.png  used on input line 413.
(pdftex.def)             Requested size: 344.44424pt x 193.74971pt.

Underfull \hbox (badness 10000) in paragraph at lines 403--415
[]$[]$
 []


Underfull \hbox (badness 10000) in paragraph at lines 403--415
[]$
 []


Underfull \hbox (badness 10000) in paragraph at lines 403--415
[]$
 []

[11]
Overfull \vbox (66.99884pt too high) has occurred while \output is active []

[12 <../img/2d_1_ext.png> <../img/2d_6_ext.png> <../img/2d_70_ext.png> <../img/
2d_140_ext.png>]
<../img/2d_1_1.png, id=82, 722.7pt x 406.51875pt>
File: ../img/2d_1_1.png Graphic file (type png)
<use ../img/2d_1_1.png>
Package pdftex.def Info: ../img/2d_1_1.png  used on input line 424.
(pdftex.def)             Requested size: 467.46059pt x 262.95003pt.
<../img/2d_1_1_reduced.png, id=83, 578.16pt x 325.215pt>
File: ../img/2d_1_1_reduced.png Graphic file (type png)
<use ../img/2d_1_1_reduced.png>
Package pdftex.def Info: ../img/2d_1_1_reduced.png  used on input line 434.
(pdftex.def)             Requested size: 467.46059pt x 262.94632pt.

Overfull \hbox (5.06107pt too wide) in paragraph at lines 439--440
[]\T2A/cmr/m/n/14.4 “ÂÔÂ¸ ÏÓ-ÊÂÏ ‚Ë-‰ÂÚ¸ ‡Á-ÌË-ˆÛ ÏÂÊ-‰Û Ú‡-ÂÍ-ÚÓ-Ë-ˇ-ÏË Ò 
$\OML/cmm/m/it/14.4 h \OT1/cmr/m/n/14.4 = 0\OML/cmm/m/it/14.4 :\OT1/cmr/m/n/14.
4 02$ \T2A/cmr/m/n/14.4 Ë $[]$.
 []

[13 <../img/2d_1_1.png> <../img/2d_1_1_reduced.png>]
\openout3 = `document.pyg'.


(_minted-document/5B6C1520C76D090AF810288A448D180D5061E4B692DD718FCBC086EF9FCF3
0EF.pygtex)
\openout3 = `document.pyg'.


(_minted-document/AC744E98BE6EBA36761AF09A6053DAED5061E4B692DD718FCBC086EF9FCF3
0EF.pygtex)
\openout3 = `document.pyg'.


(_minted-document/6421C2C4097E2DEA6252E2DA37EDC99A5061E4B692DD718FCBC086EF9FCF3
0EF.pygtex)
\openout4 = `document.pyg'.


(_minted-document/1A595E382316283EA5A3F01E443288465061E4B692DD718FCBC086EF9FCF3
0EF.pygtex)
\openout4 = `document.pyg'.


(_minted-document/5E07141D73470853A4D31F05FF2ECF3E5061E4B692DD718FCBC086EF9FCF3
0EF.pygtex)
\openout4 = `document.pyg'.


(_minted-document/7B1BEAE43FA7425FF320AA2D822FEB155061E4B692DD718FCBC086EF9FCF3
0EF.pygtex)
<../img/2d_1_circle.png, id=90, 722.7pt x 406.51875pt>
File: ../img/2d_1_circle.png Graphic file (type png)
<use ../img/2d_1_circle.png>
Package pdftex.def Info: ../img/2d_1_circle.png  used on input line 482.
(pdftex.def)             Requested size: 492.06537pt x 276.78885pt.
<../img/2d_6_circle.png, id=91, 722.7pt x 406.51875pt>
File: ../img/2d_6_circle.png Graphic file (type png)
<use ../img/2d_6_circle.png>
Package pdftex.def Info: ../img/2d_6_circle.png  used on input line 485.
(pdftex.def)             Requested size: 492.06537pt x 276.78885pt.
[14] [15 <../img/2d_1_circle.png> <../img/2d_6_circle.png>]
<../img/2d_70_circle.png, id=100, 722.7pt x 406.51875pt>
File: ../img/2d_70_circle.png Graphic file (type png)
<use ../img/2d_70_circle.png>
Package pdftex.def Info: ../img/2d_70_circle.png  used on input line 491.
(pdftex.def)             Requested size: 492.06537pt x 276.78885pt.
<../img/2d_140_circle.png, id=101, 722.7pt x 406.51875pt>
File: ../img/2d_140_circle.png Graphic file (type png)
<use ../img/2d_140_circle.png>
Package pdftex.def Info: ../img/2d_140_circle.png  used on input line 494.
(pdftex.def)             Requested size: 492.06537pt x 276.78885pt.
[16 <../img/2d_70_circle.png> <../img/2d_140_circle.png>] (document.aux)
runsystem(del document.pyg)...executed.

 ) 
Here is how much of TeX's memory you used:
 21608 strings out of 491276
 433592 string characters out of 3112077
 628033 words of memory out of 3000000
 26575 multiletter control sequences out of 15000+200000
 16426 words of font info for 47 fonts, out of 3000000 for 9000
 1141 hyphenation exceptions out of 8191
 63i,9n,77p,9106b,397s stack positions out of 5000i,500n,10000p,200000b,50000s
 <C:\Users\–ü–µ–Ω–æ–ø–ª–∞—Å—Ç–æ—á–∫–∞\AppData\Local\MiKTeX\2.9\fonts/pk/ljfou
r/lh/lh-t2a/dpi600\lasx1440.pk> <C:\Users\–ü–µ–Ω–æ–ø–ª–∞—Å—Ç–æ—á–∫–∞\AppData\Lo
cal\MiKTeX\2.9\fonts/pk/ljfour/lh/lh-t2a/dpi600\lait1440.pk> <C:\Users\–ü–µ–Ω–æ
–ø–ª–∞—Å—Ç–æ—á–∫–∞\AppData\Local\MiKTeX\2.9\fonts/pk/ljfour/lh/lh-t2a/dpi600\la
tt1440.pk> <C:\Users\–ü–µ–Ω–æ–ø–ª–∞—Å—Ç–æ—á–∫–∞\AppData\Local\MiKTeX\2.9\fonts/
pk/ljfour/lh/lh-t2a/dpi600\lasx1728.pk> <C:\Users\–ü–µ–Ω–æ–ø–ª–∞—Å—Ç–æ—á–∫–∞\Ap
pData\Local\MiKTeX\2.9\fonts/pk/ljfour/lh/lh-t2a/dpi600\lasx2074.pk> <C:\Users\
–ü–µ–Ω–æ–ø–ª–∞—Å—Ç–æ—á–∫–∞\AppData\Local\MiKTeX\2.9\fonts/pk/ljfour/lh/lh-t2a/d
pi600\larm1440.pk> <C:\Users\–ü–µ–Ω–æ–ø–ª–∞—Å—Ç–æ—á–∫–∞\AppData\Local\MiKTeX\2.
9\fonts/pk/ljfour/lh/lh-t2a/dpi600\larm2488.pk> <C:\Users\–ü–µ–Ω–æ–ø–ª–∞—Å—Ç–æ—
á–∫–∞\AppData\Local\MiKTeX\2.9\fonts/pk/ljfour/lh/lh-t2a/dpi600\larm1728.pk><C:
/Program Files/MiKTeX 2.9/fonts/type1/public/amsfonts/cm/cmex10.pfb><C:/Program
 Files/MiKTeX 2.9/fonts/type1/public/amsfonts/cm/cmmi10.pfb><C:/Program Files/M
iKTeX 2.9/fonts/type1/public/amsfonts/cm/cmmi12.pfb><C:/Program Files/MiKTeX 2.
9/fonts/type1/public/amsfonts/cm/cmr10.pfb><C:/Program Files/MiKTeX 2.9/fonts/t
ype1/public/amsfonts/cm/cmr12.pfb><C:/Program Files/MiKTeX 2.9/fonts/type1/publ
ic/amsfonts/cm/cmsy10.pfb>
Output written on document.pdf (16 pages, 505363 bytes).
PDF statistics:
 454 PDF objects out of 1000 (max. 8388607)
 0 named destinations out of 1000 (max. 500000)
 127 words of extra memory for PDF output out of 10000 (max. 10000000)

